

Started GET "/" for 127.0.0.1 at 2012-03-05 23:58:29 +0800

Mysql2::Error (Unknown database 'dooxoo_www_production'):
  

Rendered /Users/wangxianfeng/.rvm/gems/ruby-1.9.2-p290/gems/actionpack-3.0.3/lib/action_dispatch/middleware/templates/rescues/_trace.erb (1.2ms)
Rendered /Users/wangxianfeng/.rvm/gems/ruby-1.9.2-p290/gems/actionpack-3.0.3/lib/action_dispatch/middleware/templates/rescues/_request_and_response.erb (7.9ms)
Rendered /Users/wangxianfeng/.rvm/gems/ruby-1.9.2-p290/gems/actionpack-3.0.3/lib/action_dispatch/middleware/templates/rescues/diagnostics.erb within rescues/layout (14.0ms)


Started GET "/" for 127.0.0.1 at 2012-03-05 23:58:36 +0800

Mysql2::Error (Unknown database 'dooxoo_www_production'):
  

Rendered /Users/wangxianfeng/.rvm/gems/ruby-1.9.2-p290/gems/actionpack-3.0.3/lib/action_dispatch/middleware/templates/rescues/_trace.erb (1.0ms)
Rendered /Users/wangxianfeng/.rvm/gems/ruby-1.9.2-p290/gems/actionpack-3.0.3/lib/action_dispatch/middleware/templates/rescues/_request_and_response.erb (1.0ms)
Rendered /Users/wangxianfeng/.rvm/gems/ruby-1.9.2-p290/gems/actionpack-3.0.3/lib/action_dispatch/middleware/templates/rescues/diagnostics.erb within rescues/layout (4.4ms)


Started GET "/" for 127.0.0.1 at 2012-03-05 23:59:30 +0800
  Processing by CategoriesController#index as HTML
Rendered layouts/_header.html.erb (34.7ms)
Rendered layouts/_slide.html.erb (0.8ms)
Rendered layouts/_ruler.html.erb (190.6ms)
Rendered layouts/_billing_info.html.erb (1.3ms)
Rendered layouts/_footer.html.erb (12.4ms)
Rendered categories/index.html.erb within layouts/application (606.0ms)
Write page /usr/local/system/projects/inono/public/index.html (0.4ms)
Completed 200 OK in 971ms (Views: 458.8ms | ActiveRecord: 418.5ms)
